<?xml version="1.0" encoding="UTF-8"?>
<testsuite name="org.example.project.web.IndexControllerTest" tests="1" skipped="0" failures="0" errors="0" timestamp="2021-08-23T01:50:54" hostname="DESKTOP-N4V012R" time="0.21">
  <properties/>
  <testcase name="메인페이지_로딩" classname="org.example.project.web.IndexControllerTest" time="0.21"/>
  <system-out><![CDATA[2021-08-23 10:50:51.992  INFO 7440 --- [    Test worker] .b.t.c.SpringBootTestContextBootstrapper : Neither @ContextConfiguration nor @ContextHierarchy found for test class [org.example.project.web.IndexControllerTest], using SpringBootContextLoader
2021-08-23 10:50:51.993  INFO 7440 --- [    Test worker] o.s.t.c.support.AbstractContextLoader    : Could not detect default resource locations for test class [org.example.project.web.IndexControllerTest]: no resource found for suffixes {-context.xml, Context.groovy}.
2021-08-23 10:50:51.993  INFO 7440 --- [    Test worker] t.c.s.AnnotationConfigContextLoaderUtils : Could not detect default configuration classes for test class [org.example.project.web.IndexControllerTest]: IndexControllerTest does not declare any static, non-private, non-final, nested classes annotated with @Configuration.
2021-08-23 10:50:52.004  INFO 7440 --- [    Test worker] .b.t.c.SpringBootTestContextBootstrapper : Found @SpringBootConfiguration org.example.project.Application for test class org.example.project.web.IndexControllerTest
2021-08-23 10:50:52.006  INFO 7440 --- [    Test worker] .b.t.c.SpringBootTestContextBootstrapper : Loaded default TestExecutionListener class names from location [META-INF/spring.factories]: [org.springframework.security.test.context.support.WithSecurityContextTestExecutionListener, org.springframework.security.test.context.support.ReactorContextTestExecutionListener, org.springframework.boot.test.autoconfigure.restdocs.RestDocsTestExecutionListener, org.springframework.boot.test.autoconfigure.web.client.MockRestServiceServerResetTestExecutionListener, org.springframework.boot.test.autoconfigure.web.servlet.MockMvcPrintOnlyOnFailureTestExecutionListener, org.springframework.boot.test.autoconfigure.web.servlet.WebDriverTestExecutionListener, org.springframework.boot.test.mock.mockito.MockitoTestExecutionListener, org.springframework.boot.test.mock.mockito.ResetMocksTestExecutionListener, org.springframework.test.context.web.ServletTestExecutionListener, org.springframework.test.context.support.DirtiesContextBeforeModesTestExecutionListener, org.springframework.test.context.support.DependencyInjectionTestExecutionListener, org.springframework.test.context.support.DirtiesContextTestExecutionListener, org.springframework.test.context.transaction.TransactionalTestExecutionListener, org.springframework.test.context.jdbc.SqlScriptsTestExecutionListener]
2021-08-23 10:50:52.007  INFO 7440 --- [    Test worker] .b.t.c.SpringBootTestContextBootstrapper : Using TestExecutionListeners: [org.springframework.test.context.web.ServletTestExecutionListener@1aedf95, org.springframework.test.context.support.DirtiesContextBeforeModesTestExecutionListener@1af47a7, org.springframework.boot.test.mock.mockito.MockitoTestExecutionListener@192f926, org.springframework.boot.test.autoconfigure.SpringBootDependencyInjectionTestExecutionListener@9a5c80, org.springframework.test.context.support.DirtiesContextTestExecutionListener@1417571, org.springframework.test.context.transaction.TransactionalTestExecutionListener@a28581, org.springframework.test.context.jdbc.SqlScriptsTestExecutionListener@f3047a, org.springframework.security.test.context.support.WithSecurityContextTestExecutionListener@3f34f8, org.springframework.security.test.context.support.ReactorContextTestExecutionListener@372773, org.springframework.boot.test.autoconfigure.restdocs.RestDocsTestExecutionListener@353c39, org.springframework.boot.test.autoconfigure.web.client.MockRestServiceServerResetTestExecutionListener@ef3151, org.springframework.boot.test.autoconfigure.web.servlet.MockMvcPrintOnlyOnFailureTestExecutionListener@1ae55c0, org.springframework.boot.test.autoconfigure.web.servlet.WebDriverTestExecutionListener@d9f5b9, org.springframework.boot.test.mock.mockito.ResetMocksTestExecutionListener@1eac9af]

  .   ____          _            __ _ _
 /\\ / ___'_ __ _ _(_)_ __  __ _ \ \ \ \
( ( )\___ | '_ | '_| | '_ \/ _` | \ \ \ \
 \\/  ___)| |_)| | | | | || (_| |  ) ) ) )
  '  |____| .__|_| |_|_| |_\__, | / / / /
 =========|_|==============|___/=/_/_/_/
 :: Spring Boot ::        (v2.1.7.RELEASE)

2021-08-23 10:50:52.048  INFO 7440 --- [    Test worker] o.e.project.web.IndexControllerTest      : Starting IndexControllerTest on DESKTOP-N4V012R with PID 7440 (started by commu in C:\Users\commu\IdeaProjects\project)
2021-08-23 10:50:52.048  INFO 7440 --- [    Test worker] o.e.project.web.IndexControllerTest      : No active profile set, falling back to default profiles: default
2021-08-23 10:50:52.307  INFO 7440 --- [    Test worker] .s.d.r.c.RepositoryConfigurationDelegate : Bootstrapping Spring Data repositories in DEFAULT mode.
2021-08-23 10:50:52.335  INFO 7440 --- [    Test worker] .s.d.r.c.RepositoryConfigurationDelegate : Finished Spring Data repository scanning in 28ms. Found 2 repository interfaces.
2021-08-23 10:50:52.462  INFO 7440 --- [    Test worker] trationDelegate$BeanPostProcessorChecker : Bean 'org.springframework.transaction.annotation.ProxyTransactionManagementConfiguration' of type [org.springframework.transaction.annotation.ProxyTransactionManagementConfiguration$$EnhancerBySpringCGLIB$$7613b164] is not eligible for getting processed by all BeanPostProcessors (for example: not eligible for auto-proxying)
2021-08-23 10:50:52.738  INFO 7440 --- [    Test worker] o.s.b.w.embedded.tomcat.TomcatWebServer  : Tomcat initialized with port(s): 0 (http)
2021-08-23 10:50:52.770  INFO 7440 --- [    Test worker] o.apache.catalina.core.StandardService   : Starting service [Tomcat]
2021-08-23 10:50:52.770  INFO 7440 --- [    Test worker] org.apache.catalina.core.StandardEngine  : Starting Servlet engine: [Apache Tomcat/9.0.22]
2021-08-23 10:50:52.948  INFO 7440 --- [    Test worker] o.a.c.c.C.[Tomcat].[localhost].[/]       : Initializing Spring embedded WebApplicationContext
2021-08-23 10:50:52.949  INFO 7440 --- [    Test worker] o.s.web.context.ContextLoader            : Root WebApplicationContext: initialization completed in 893 ms
2021-08-23 10:50:53.150  INFO 7440 --- [    Test worker] com.zaxxer.hikari.HikariDataSource       : HikariPool-2 - Starting...
2021-08-23 10:50:53.152  INFO 7440 --- [    Test worker] com.zaxxer.hikari.HikariDataSource       : HikariPool-2 - Start completed.
2021-08-23 10:50:53.194  INFO 7440 --- [    Test worker] o.hibernate.jpa.internal.util.LogHelper  : HHH000204: Processing PersistenceUnitInfo [
	name: default
	...]
2021-08-23 10:50:53.207  INFO 7440 --- [    Test worker] org.hibernate.dialect.Dialect            : HHH000400: Using dialect: org.hibernate.dialect.MySQL5InnoDBDialect
2021-08-23 10:50:53.267  INFO 7440 --- [    Test worker] o.h.t.schema.internal.SchemaCreatorImpl  : HHH000476: Executing import script 'org.hibernate.tool.schema.internal.exec.ScriptSourceInputNonExistentImpl@1a9f247'
2021-08-23 10:50:53.267  INFO 7440 --- [    Test worker] j.LocalContainerEntityManagerFactoryBean : Initialized JPA EntityManagerFactory for persistence unit 'default'
2021-08-23 10:50:53.638  INFO 7440 --- [    Test worker] o.h.h.i.QueryTranslatorFactoryInitiator  : HHH000397: Using ASTQueryTranslatorFactory
2021-08-23 10:50:53.838  INFO 7440 --- [    Test worker] o.s.s.web.DefaultSecurityFilterChain     : Creating filter chain: any request, [org.springframework.security.web.context.request.async.WebAsyncManagerIntegrationFilter@7169c6, org.springframework.security.web.context.SecurityContextPersistenceFilter@41fae6, org.springframework.security.web.header.HeaderWriterFilter@115a9b4, org.springframework.security.web.authentication.logout.LogoutFilter@1a1f1eb, org.springframework.security.oauth2.client.web.OAuth2AuthorizationRequestRedirectFilter@1838f17, org.springframework.security.oauth2.client.web.OAuth2LoginAuthenticationFilter@730b01, org.springframework.security.web.authentication.ui.DefaultLoginPageGeneratingFilter@b0b2d1, org.springframework.security.web.authentication.ui.DefaultLogoutPageGeneratingFilter@1c6e950, org.springframework.security.web.savedrequest.RequestCacheAwareFilter@a2b94d, org.springframework.security.web.servletapi.SecurityContextHolderAwareRequestFilter@92e664, org.springframework.security.web.authentication.AnonymousAuthenticationFilter@d428c8, org.springframework.security.web.session.SessionManagementFilter@1cb21b6, org.springframework.security.web.access.ExceptionTranslationFilter@1f03dee, org.springframework.security.web.access.intercept.FilterSecurityInterceptor@3c7c04]
2021-08-23 10:50:54.073  INFO 7440 --- [    Test worker] o.s.s.concurrent.ThreadPoolTaskExecutor  : Initializing ExecutorService 'applicationTaskExecutor'
2021-08-23 10:50:54.089  WARN 7440 --- [    Test worker] aWebConfiguration$JpaWebMvcConfiguration : spring.jpa.open-in-view is enabled by default. Therefore, database queries may be performed during view rendering. Explicitly configure spring.jpa.open-in-view to disable this warning
2021-08-23 10:50:54.121  INFO 7440 --- [    Test worker] o.s.b.a.w.s.WelcomePageHandlerMapping    : Adding welcome page template: index
2021-08-23 10:50:54.469  INFO 7440 --- [    Test worker] s.a.ScheduledAnnotationBeanPostProcessor : No TaskScheduler/ScheduledExecutorService bean found for scheduled processing
2021-08-23 10:50:54.491  INFO 7440 --- [    Test worker] o.s.b.w.embedded.tomcat.TomcatWebServer  : Tomcat started on port(s): 62665 (http) with context path ''
2021-08-23 10:50:54.492  INFO 7440 --- [    Test worker] o.e.project.web.IndexControllerTest      : Started IndexControllerTest in 2.484 seconds (JVM running for 12.416)
2021-08-23 10:50:54.607  INFO 7440 --- [o-auto-1-exec-1] o.a.c.c.C.[Tomcat].[localhost].[/]       : Initializing Spring DispatcherServlet 'dispatcherServlet'
2021-08-23 10:50:54.607  INFO 7440 --- [o-auto-1-exec-1] o.s.web.servlet.DispatcherServlet        : Initializing Servlet 'dispatcherServlet'
2021-08-23 10:50:54.628  INFO 7440 --- [o-auto-1-exec-1] o.s.web.servlet.DispatcherServlet        : Completed initialization in 20 ms
]]></system-out>
  <system-err><![CDATA[]]></system-err>
</testsuite>
