<?xml version="1.0" encoding="UTF-8"?>
<testsuite name="org.example.project.web.PostsApiControllerTest" tests="2" skipped="0" failures="0" errors="0" timestamp="2021-08-23T01:50:54" hostname="DESKTOP-N4V012R" time="0.094">
  <properties/>
  <testcase name="Posts_등록된다" classname="org.example.project.web.PostsApiControllerTest" time="0.07"/>
  <testcase name="Posts_수정된다" classname="org.example.project.web.PostsApiControllerTest" time="0.024"/>
  <system-out><![CDATA[2021-08-23 10:50:54.716  INFO 7440 --- [    Test worker] .b.t.c.SpringBootTestContextBootstrapper : Neither @ContextConfiguration nor @ContextHierarchy found for test class [org.example.project.web.PostsApiControllerTest], using SpringBootContextLoader
2021-08-23 10:50:54.717  INFO 7440 --- [    Test worker] o.s.t.c.support.AbstractContextLoader    : Could not detect default resource locations for test class [org.example.project.web.PostsApiControllerTest]: no resource found for suffixes {-context.xml, Context.groovy}.
2021-08-23 10:50:54.717  INFO 7440 --- [    Test worker] t.c.s.AnnotationConfigContextLoaderUtils : Could not detect default configuration classes for test class [org.example.project.web.PostsApiControllerTest]: PostsApiControllerTest does not declare any static, non-private, non-final, nested classes annotated with @Configuration.
2021-08-23 10:50:54.719  INFO 7440 --- [    Test worker] .b.t.c.SpringBootTestContextBootstrapper : Found @SpringBootConfiguration org.example.project.Application for test class org.example.project.web.PostsApiControllerTest
2021-08-23 10:50:54.721  INFO 7440 --- [    Test worker] .b.t.c.SpringBootTestContextBootstrapper : Loaded default TestExecutionListener class names from location [META-INF/spring.factories]: [org.springframework.security.test.context.support.WithSecurityContextTestExecutionListener, org.springframework.security.test.context.support.ReactorContextTestExecutionListener, org.springframework.boot.test.autoconfigure.restdocs.RestDocsTestExecutionListener, org.springframework.boot.test.autoconfigure.web.client.MockRestServiceServerResetTestExecutionListener, org.springframework.boot.test.autoconfigure.web.servlet.MockMvcPrintOnlyOnFailureTestExecutionListener, org.springframework.boot.test.autoconfigure.web.servlet.WebDriverTestExecutionListener, org.springframework.boot.test.mock.mockito.MockitoTestExecutionListener, org.springframework.boot.test.mock.mockito.ResetMocksTestExecutionListener, org.springframework.test.context.web.ServletTestExecutionListener, org.springframework.test.context.support.DirtiesContextBeforeModesTestExecutionListener, org.springframework.test.context.support.DependencyInjectionTestExecutionListener, org.springframework.test.context.support.DirtiesContextTestExecutionListener, org.springframework.test.context.transaction.TransactionalTestExecutionListener, org.springframework.test.context.jdbc.SqlScriptsTestExecutionListener]
2021-08-23 10:50:54.722  INFO 7440 --- [    Test worker] .b.t.c.SpringBootTestContextBootstrapper : Using TestExecutionListeners: [org.springframework.test.context.web.ServletTestExecutionListener@f6db58, org.springframework.test.context.support.DirtiesContextBeforeModesTestExecutionListener@26e764, org.springframework.boot.test.mock.mockito.MockitoTestExecutionListener@391fcf, org.springframework.boot.test.autoconfigure.SpringBootDependencyInjectionTestExecutionListener@5567f2, org.springframework.test.context.support.DirtiesContextTestExecutionListener@715d3b, org.springframework.test.context.transaction.TransactionalTestExecutionListener@1038b16, org.springframework.test.context.jdbc.SqlScriptsTestExecutionListener@1ec2ade, org.springframework.security.test.context.support.WithSecurityContextTestExecutionListener@41b3a6, org.springframework.security.test.context.support.ReactorContextTestExecutionListener@37b290, org.springframework.boot.test.autoconfigure.restdocs.RestDocsTestExecutionListener@17bd3fb, org.springframework.boot.test.autoconfigure.web.client.MockRestServiceServerResetTestExecutionListener@183b050, org.springframework.boot.test.autoconfigure.web.servlet.MockMvcPrintOnlyOnFailureTestExecutionListener@b6e485, org.springframework.boot.test.autoconfigure.web.servlet.WebDriverTestExecutionListener@1a263f1, org.springframework.boot.test.mock.mockito.ResetMocksTestExecutionListener@858c35]
2021-08-23 10:50:54.736  INFO 7440 --- [    Test worker] o.a.c.c.C.[Tomcat].[localhost].[/]       : Initializing Spring TestDispatcherServlet ''
2021-08-23 10:50:54.736  INFO 7440 --- [    Test worker] o.s.t.web.servlet.TestDispatcherServlet  : Initializing Servlet ''
2021-08-23 10:50:54.739  INFO 7440 --- [    Test worker] o.s.t.web.servlet.TestDispatcherServlet  : Completed initialization in 3 ms
2021-08-23 10:50:54.799  INFO 7440 --- [    Test worker] o.a.c.c.C.[Tomcat].[localhost].[/]       : Initializing Spring TestDispatcherServlet ''
2021-08-23 10:50:54.799  INFO 7440 --- [    Test worker] o.s.t.web.servlet.TestDispatcherServlet  : Initializing Servlet ''
2021-08-23 10:50:54.801  INFO 7440 --- [    Test worker] o.s.t.web.servlet.TestDispatcherServlet  : Completed initialization in 2 ms
]]></system-out>
  <system-err><![CDATA[]]></system-err>
</testsuite>
