<?xml version="1.0" encoding="UTF-8"?>
<testsuite name="org.example.project.domain.posts.PostsRepositoryTest" tests="2" skipped="0" failures="0" errors="0" timestamp="2021-08-23T01:50:51" hostname="DESKTOP-N4V012R" time="0.224">
  <properties/>
  <testcase name="게시글저장_불러오기" classname="org.example.project.domain.posts.PostsRepositoryTest" time="0.217"/>
  <testcase name="BaseTimeEntity_등록" classname="org.example.project.domain.posts.PostsRepositoryTest" time="0.006"/>
  <system-out><![CDATA[2021-08-23 10:50:46.659  INFO 7440 --- [    Test worker] .b.t.c.SpringBootTestContextBootstrapper : Neither @ContextConfiguration nor @ContextHierarchy found for test class [org.example.project.domain.posts.PostsRepositoryTest], using SpringBootContextLoader
2021-08-23 10:50:46.660  INFO 7440 --- [    Test worker] o.s.t.c.support.AbstractContextLoader    : Could not detect default resource locations for test class [org.example.project.domain.posts.PostsRepositoryTest]: no resource found for suffixes {-context.xml, Context.groovy}.
2021-08-23 10:50:46.660  INFO 7440 --- [    Test worker] t.c.s.AnnotationConfigContextLoaderUtils : Could not detect default configuration classes for test class [org.example.project.domain.posts.PostsRepositoryTest]: PostsRepositoryTest does not declare any static, non-private, non-final, nested classes annotated with @Configuration.
2021-08-23 10:50:46.672  INFO 7440 --- [    Test worker] .b.t.c.SpringBootTestContextBootstrapper : Found @SpringBootConfiguration org.example.project.Application for test class org.example.project.domain.posts.PostsRepositoryTest
2021-08-23 10:50:46.675  INFO 7440 --- [    Test worker] .b.t.c.SpringBootTestContextBootstrapper : Loaded default TestExecutionListener class names from location [META-INF/spring.factories]: [org.springframework.security.test.context.support.WithSecurityContextTestExecutionListener, org.springframework.security.test.context.support.ReactorContextTestExecutionListener, org.springframework.boot.test.autoconfigure.restdocs.RestDocsTestExecutionListener, org.springframework.boot.test.autoconfigure.web.client.MockRestServiceServerResetTestExecutionListener, org.springframework.boot.test.autoconfigure.web.servlet.MockMvcPrintOnlyOnFailureTestExecutionListener, org.springframework.boot.test.autoconfigure.web.servlet.WebDriverTestExecutionListener, org.springframework.boot.test.mock.mockito.MockitoTestExecutionListener, org.springframework.boot.test.mock.mockito.ResetMocksTestExecutionListener, org.springframework.test.context.web.ServletTestExecutionListener, org.springframework.test.context.support.DirtiesContextBeforeModesTestExecutionListener, org.springframework.test.context.support.DependencyInjectionTestExecutionListener, org.springframework.test.context.support.DirtiesContextTestExecutionListener, org.springframework.test.context.transaction.TransactionalTestExecutionListener, org.springframework.test.context.jdbc.SqlScriptsTestExecutionListener]
2021-08-23 10:50:46.676  INFO 7440 --- [    Test worker] .b.t.c.SpringBootTestContextBootstrapper : Using TestExecutionListeners: [org.springframework.test.context.web.ServletTestExecutionListener@4bfbbb, org.springframework.test.context.support.DirtiesContextBeforeModesTestExecutionListener@c2b82e, org.springframework.boot.test.mock.mockito.MockitoTestExecutionListener@199afbb, org.springframework.boot.test.autoconfigure.SpringBootDependencyInjectionTestExecutionListener@162de24, org.springframework.test.context.support.DirtiesContextTestExecutionListener@816090, org.springframework.test.context.transaction.TransactionalTestExecutionListener@1a5aee6, org.springframework.test.context.jdbc.SqlScriptsTestExecutionListener@17d3c5e, org.springframework.security.test.context.support.WithSecurityContextTestExecutionListener@a1576b, org.springframework.security.test.context.support.ReactorContextTestExecutionListener@1033d0f, org.springframework.boot.test.autoconfigure.restdocs.RestDocsTestExecutionListener@1f77a97, org.springframework.boot.test.autoconfigure.web.client.MockRestServiceServerResetTestExecutionListener@1b6263b, org.springframework.boot.test.autoconfigure.web.servlet.MockMvcPrintOnlyOnFailureTestExecutionListener@1de27a9, org.springframework.boot.test.autoconfigure.web.servlet.WebDriverTestExecutionListener@1739358, org.springframework.boot.test.mock.mockito.ResetMocksTestExecutionListener@1926063]

  .   ____          _            __ _ _
 /\\ / ___'_ __ _ _(_)_ __  __ _ \ \ \ \
( ( )\___ | '_ | '_| | '_ \/ _` | \ \ \ \
 \\/  ___)| |_)| | | | | || (_| |  ) ) ) )
  '  |____| .__|_| |_|_| |_\__, | / / / /
 =========|_|==============|___/=/_/_/_/
 :: Spring Boot ::        (v2.1.7.RELEASE)

2021-08-23 10:50:46.712  INFO 7440 --- [    Test worker] o.e.p.domain.posts.PostsRepositoryTest   : Starting PostsRepositoryTest on DESKTOP-N4V012R with PID 7440 (started by commu in C:\Users\commu\IdeaProjects\project)
2021-08-23 10:50:46.712  INFO 7440 --- [    Test worker] o.e.p.domain.posts.PostsRepositoryTest   : No active profile set, falling back to default profiles: default
2021-08-23 10:50:47.276  INFO 7440 --- [    Test worker] .s.d.r.c.RepositoryConfigurationDelegate : Bootstrapping Spring Data repositories in DEFAULT mode.
2021-08-23 10:50:47.362  INFO 7440 --- [    Test worker] .s.d.r.c.RepositoryConfigurationDelegate : Finished Spring Data repository scanning in 77ms. Found 2 repository interfaces.
2021-08-23 10:50:47.689  INFO 7440 --- [    Test worker] trationDelegate$BeanPostProcessorChecker : Bean 'org.springframework.transaction.annotation.ProxyTransactionManagementConfiguration' of type [org.springframework.transaction.annotation.ProxyTransactionManagementConfiguration$$EnhancerBySpringCGLIB$$7613b164] is not eligible for getting processed by all BeanPostProcessors (for example: not eligible for auto-proxying)
2021-08-23 10:50:47.896  INFO 7440 --- [    Test worker] com.zaxxer.hikari.HikariDataSource       : HikariPool-1 - Starting...
2021-08-23 10:50:48.132  INFO 7440 --- [    Test worker] com.zaxxer.hikari.HikariDataSource       : HikariPool-1 - Start completed.
2021-08-23 10:50:48.236  INFO 7440 --- [    Test worker] o.hibernate.jpa.internal.util.LogHelper  : HHH000204: Processing PersistenceUnitInfo [
	name: default
	...]
2021-08-23 10:50:48.349  INFO 7440 --- [    Test worker] org.hibernate.Version                    : HHH000412: Hibernate Core {5.3.10.Final}
2021-08-23 10:50:48.351  INFO 7440 --- [    Test worker] org.hibernate.cfg.Environment            : HHH000206: hibernate.properties not found
2021-08-23 10:50:48.439  INFO 7440 --- [    Test worker] o.hibernate.annotations.common.Version   : HCANN000001: Hibernate Commons Annotations {5.0.4.Final}
2021-08-23 10:50:48.670  INFO 7440 --- [    Test worker] org.hibernate.dialect.Dialect            : HHH000400: Using dialect: org.hibernate.dialect.MySQL5InnoDBDialect
2021-08-23 10:50:49.628  INFO 7440 --- [    Test worker] o.h.t.schema.internal.SchemaCreatorImpl  : HHH000476: Executing import script 'org.hibernate.tool.schema.internal.exec.ScriptSourceInputNonExistentImpl@1a9f247'
2021-08-23 10:50:49.632  INFO 7440 --- [    Test worker] j.LocalContainerEntityManagerFactoryBean : Initialized JPA EntityManagerFactory for persistence unit 'default'
2021-08-23 10:50:50.232  INFO 7440 --- [    Test worker] o.h.h.i.QueryTranslatorFactoryInitiator  : HHH000397: Using ASTQueryTranslatorFactory
2021-08-23 10:50:50.618  INFO 7440 --- [    Test worker] o.s.s.web.DefaultSecurityFilterChain     : Creating filter chain: any request, [org.springframework.security.web.context.request.async.WebAsyncManagerIntegrationFilter@1210068, org.springframework.security.web.context.SecurityContextPersistenceFilter@a41fca, org.springframework.security.web.header.HeaderWriterFilter@1356ddc, org.springframework.security.web.authentication.logout.LogoutFilter@1c1231b, org.springframework.security.oauth2.client.web.OAuth2AuthorizationRequestRedirectFilter@130d2d1, org.springframework.security.oauth2.client.web.OAuth2LoginAuthenticationFilter@1fece15, org.springframework.security.web.authentication.ui.DefaultLoginPageGeneratingFilter@1353978, org.springframework.security.web.authentication.ui.DefaultLogoutPageGeneratingFilter@1508e09, org.springframework.security.web.savedrequest.RequestCacheAwareFilter@35706f, org.springframework.security.web.servletapi.SecurityContextHolderAwareRequestFilter@96ba38, org.springframework.security.web.authentication.AnonymousAuthenticationFilter@e174d0, org.springframework.security.web.session.SessionManagementFilter@64f416, org.springframework.security.web.access.ExceptionTranslationFilter@f001f0, org.springframework.security.web.access.intercept.FilterSecurityInterceptor@1c10262]
2021-08-23 10:50:51.121  INFO 7440 --- [    Test worker] o.s.s.concurrent.ThreadPoolTaskExecutor  : Initializing ExecutorService 'applicationTaskExecutor'
2021-08-23 10:50:51.140  WARN 7440 --- [    Test worker] aWebConfiguration$JpaWebMvcConfiguration : spring.jpa.open-in-view is enabled by default. Therefore, database queries may be performed during view rendering. Explicitly configure spring.jpa.open-in-view to disable this warning
2021-08-23 10:50:51.184  INFO 7440 --- [    Test worker] o.s.b.a.w.s.WelcomePageHandlerMapping    : Adding welcome page template: index
2021-08-23 10:50:51.746  INFO 7440 --- [    Test worker] s.a.ScheduledAnnotationBeanPostProcessor : No TaskScheduler/ScheduledExecutorService bean found for scheduled processing
2021-08-23 10:50:51.755  INFO 7440 --- [    Test worker] o.e.p.domain.posts.PostsRepositoryTest   : Started PostsRepositoryTest in 5.077 seconds (JVM running for 9.678)
>>>>>> createDate=2021-08-23T10:50:51.978, modifiedDate=2021-08-23T10:50:51.978
]]></system-out>
  <system-err><![CDATA[]]></system-err>
</testsuite>
