<?xml version="1.0" encoding="UTF-8"?>
<testsuite name="org.example.project.HelloControllerTest" tests="2" skipped="0" failures="0" errors="0" timestamp="2021-08-23T01:50:46" hostname="DESKTOP-N4V012R" time="0.39">
  <properties/>
  <testcase name="hello가_리턴된다" classname="org.example.project.HelloControllerTest" time="0.288"/>
  <testcase name="helloDto가_리턴된다" classname="org.example.project.HelloControllerTest" time="0.101"/>
  <system-out><![CDATA[10:50:43.117 [Test worker] DEBUG org.springframework.test.context.junit4.SpringJUnit4ClassRunner - SpringJUnit4ClassRunner constructor called with [class org.example.project.HelloControllerTest]
10:50:43.125 [Test worker] DEBUG org.springframework.test.context.BootstrapUtils - Instantiating CacheAwareContextLoaderDelegate from class [org.springframework.test.context.cache.DefaultCacheAwareContextLoaderDelegate]
10:50:43.138 [Test worker] DEBUG org.springframework.test.context.BootstrapUtils - Instantiating BootstrapContext using constructor [public org.springframework.test.context.support.DefaultBootstrapContext(java.lang.Class,org.springframework.test.context.CacheAwareContextLoaderDelegate)]
10:50:43.158 [Test worker] DEBUG org.springframework.test.context.BootstrapUtils - Instantiating TestContextBootstrapper for test class [org.example.project.HelloControllerTest] from class [org.springframework.boot.test.autoconfigure.web.servlet.WebMvcTestContextBootstrapper]
10:50:43.181 [Test worker] INFO org.springframework.boot.test.autoconfigure.web.servlet.WebMvcTestContextBootstrapper - Neither @ContextConfiguration nor @ContextHierarchy found for test class [org.example.project.HelloControllerTest], using SpringBootContextLoader
10:50:43.185 [Test worker] DEBUG org.springframework.test.context.support.AbstractContextLoader - Did not detect default resource location for test class [org.example.project.HelloControllerTest]: class path resource [org/example/project/HelloControllerTest-context.xml] does not exist
10:50:43.186 [Test worker] DEBUG org.springframework.test.context.support.AbstractContextLoader - Did not detect default resource location for test class [org.example.project.HelloControllerTest]: class path resource [org/example/project/HelloControllerTestContext.groovy] does not exist
10:50:43.186 [Test worker] INFO org.springframework.test.context.support.AbstractContextLoader - Could not detect default resource locations for test class [org.example.project.HelloControllerTest]: no resource found for suffixes {-context.xml, Context.groovy}.
10:50:43.187 [Test worker] INFO org.springframework.test.context.support.AnnotationConfigContextLoaderUtils - Could not detect default configuration classes for test class [org.example.project.HelloControllerTest]: HelloControllerTest does not declare any static, non-private, non-final, nested classes annotated with @Configuration.
10:50:43.260 [Test worker] DEBUG org.springframework.test.context.support.ActiveProfilesUtils - Could not find an 'annotation declaring class' for annotation type [org.springframework.test.context.ActiveProfiles] and class [org.example.project.HelloControllerTest]
10:50:43.326 [Test worker] DEBUG org.springframework.context.annotation.ClassPathScanningCandidateComponentProvider - Identified candidate component class: file [C:\Users\commu\IdeaProjects\project\build\classes\java\main\org\example\project\Application.class]
10:50:43.327 [Test worker] INFO org.springframework.boot.test.context.SpringBootTestContextBootstrapper - Found @SpringBootConfiguration org.example.project.Application for test class org.example.project.HelloControllerTest
10:50:43.330 [Test worker] DEBUG org.springframework.boot.test.autoconfigure.web.servlet.WebMvcTestContextBootstrapper - @TestExecutionListeners is not present for class [org.example.project.HelloControllerTest]: using defaults.
10:50:43.331 [Test worker] INFO org.springframework.boot.test.autoconfigure.web.servlet.WebMvcTestContextBootstrapper - Loaded default TestExecutionListener class names from location [META-INF/spring.factories]: [org.springframework.security.test.context.support.WithSecurityContextTestExecutionListener, org.springframework.security.test.context.support.ReactorContextTestExecutionListener, org.springframework.boot.test.autoconfigure.restdocs.RestDocsTestExecutionListener, org.springframework.boot.test.autoconfigure.web.client.MockRestServiceServerResetTestExecutionListener, org.springframework.boot.test.autoconfigure.web.servlet.MockMvcPrintOnlyOnFailureTestExecutionListener, org.springframework.boot.test.autoconfigure.web.servlet.WebDriverTestExecutionListener, org.springframework.boot.test.mock.mockito.MockitoTestExecutionListener, org.springframework.boot.test.mock.mockito.ResetMocksTestExecutionListener, org.springframework.test.context.web.ServletTestExecutionListener, org.springframework.test.context.support.DirtiesContextBeforeModesTestExecutionListener, org.springframework.test.context.support.DependencyInjectionTestExecutionListener, org.springframework.test.context.support.DirtiesContextTestExecutionListener, org.springframework.test.context.transaction.TransactionalTestExecutionListener, org.springframework.test.context.jdbc.SqlScriptsTestExecutionListener]
10:50:43.361 [Test worker] INFO org.springframework.boot.test.autoconfigure.web.servlet.WebMvcTestContextBootstrapper - Using TestExecutionListeners: [org.springframework.test.context.web.ServletTestExecutionListener@1f0015a, org.springframework.test.context.support.DirtiesContextBeforeModesTestExecutionListener@ff7055, org.springframework.boot.test.mock.mockito.MockitoTestExecutionListener@1e40d3d, org.springframework.boot.test.autoconfigure.SpringBootDependencyInjectionTestExecutionListener@f3efb, org.springframework.test.context.support.DirtiesContextTestExecutionListener@18c01f1, org.springframework.test.context.transaction.TransactionalTestExecutionListener@6ebfcd, org.springframework.test.context.jdbc.SqlScriptsTestExecutionListener@148df58, org.springframework.security.test.context.support.WithSecurityContextTestExecutionListener@6ddc6c, org.springframework.security.test.context.support.ReactorContextTestExecutionListener@153d099, org.springframework.boot.test.autoconfigure.restdocs.RestDocsTestExecutionListener@f486a9, org.springframework.boot.test.autoconfigure.web.client.MockRestServiceServerResetTestExecutionListener@1e93c30, org.springframework.boot.test.autoconfigure.web.servlet.MockMvcPrintOnlyOnFailureTestExecutionListener@13d0cdd, org.springframework.boot.test.autoconfigure.web.servlet.WebDriverTestExecutionListener@fdca3b, org.springframework.boot.test.mock.mockito.ResetMocksTestExecutionListener@26cec3]
10:50:43.365 [Test worker] DEBUG org.springframework.test.annotation.ProfileValueUtils - Retrieved @ProfileValueSourceConfiguration [null] for test class [org.example.project.HelloControllerTest]
10:50:43.365 [Test worker] DEBUG org.springframework.test.annotation.ProfileValueUtils - Retrieved ProfileValueSource type [class org.springframework.test.annotation.SystemProfileValueSource] for class [org.example.project.HelloControllerTest]
10:50:43.366 [Test worker] DEBUG org.springframework.test.annotation.ProfileValueUtils - Retrieved @ProfileValueSourceConfiguration [null] for test class [org.example.project.HelloControllerTest]
10:50:43.366 [Test worker] DEBUG org.springframework.test.annotation.ProfileValueUtils - Retrieved ProfileValueSource type [class org.springframework.test.annotation.SystemProfileValueSource] for class [org.example.project.HelloControllerTest]
10:50:43.372 [Test worker] DEBUG org.springframework.test.context.support.AbstractDirtiesContextTestExecutionListener - Before test class: context [DefaultTestContext@1736042 testClass = HelloControllerTest, testInstance = [null], testMethod = [null], testException = [null], mergedContextConfiguration = [WebMergedContextConfiguration@110edd6 testClass = HelloControllerTest, locations = '{}', classes = '{class org.example.project.Application}', contextInitializerClasses = '[]', activeProfiles = '{}', propertySourceLocations = '{}', propertySourceProperties = '{org.springframework.boot.test.autoconfigure.web.servlet.WebMvcTestContextBootstrapper=true}', contextCustomizers = set[org.springframework.boot.test.autoconfigure.OverrideAutoConfigurationContextCustomizerFactory$DisableAutoConfigurationContextCustomizer@1ccc85a, org.springframework.boot.test.autoconfigure.filter.TypeExcludeFiltersContextCustomizer@bb3ea63c, org.springframework.boot.test.autoconfigure.properties.PropertyMappingContextCustomizer@f77bbc96, org.springframework.boot.test.autoconfigure.web.servlet.WebDriverContextCustomizerFactory$Customizer@87bce4, [ImportsContextCustomizer@14fa855 key = [org.springframework.boot.autoconfigure.cache.CacheAutoConfiguration, org.springframework.boot.autoconfigure.context.MessageSourceAutoConfiguration, org.springframework.boot.autoconfigure.data.web.SpringDataWebAutoConfiguration, org.springframework.boot.autoconfigure.freemarker.FreeMarkerAutoConfiguration, org.springframework.boot.autoconfigure.groovy.template.GroovyTemplateAutoConfiguration, org.springframework.boot.autoconfigure.gson.GsonAutoConfiguration, org.springframework.boot.autoconfigure.hateoas.HypermediaAutoConfiguration, org.springframework.boot.autoconfigure.http.HttpMessageConvertersAutoConfiguration, org.springframework.boot.autoconfigure.jackson.JacksonAutoConfiguration, org.springframework.boot.autoconfigure.jsonb.JsonbAutoConfiguration, org.springframework.boot.autoconfigure.mustache.MustacheAutoConfiguration, org.springframework.boot.autoconfigure.task.TaskExecutionAutoConfiguration, org.springframework.boot.autoconfigure.thymeleaf.ThymeleafAutoConfiguration, org.springframework.boot.autoconfigure.validation.ValidationAutoConfiguration, org.springframework.boot.autoconfigure.web.servlet.error.ErrorMvcAutoConfiguration, org.springframework.boot.autoconfigure.web.servlet.WebMvcAutoConfiguration, org.springframework.boot.test.autoconfigure.web.servlet.MockMvcAutoConfiguration, org.springframework.boot.test.autoconfigure.web.servlet.MockMvcSecurityAutoConfiguration, org.springframework.boot.test.autoconfigure.web.servlet.MockMvcWebClientAutoConfiguration, org.springframework.boot.test.autoconfigure.web.servlet.MockMvcWebDriverAutoConfiguration]], org.springframework.boot.test.context.filter.ExcludeFilterContextCustomizer@19b25c2, org.springframework.boot.test.json.DuplicateJsonObjectContextCustomizerFactory$DuplicateJsonObjectContextCustomizer@99086d, org.springframework.boot.test.mock.mockito.MockitoContextCustomizer@0], resourceBasePath = 'src/main/webapp', contextLoader = 'org.springframework.boot.test.context.SpringBootContextLoader', parent = [null]], attributes = map[[empty]]], class annotated with @DirtiesContext [false] with mode [null].
10:50:43.372 [Test worker] DEBUG org.springframework.test.annotation.ProfileValueUtils - Retrieved @ProfileValueSourceConfiguration [null] for test class [org.example.project.HelloControllerTest]
10:50:43.373 [Test worker] DEBUG org.springframework.test.annotation.ProfileValueUtils - Retrieved ProfileValueSource type [class org.springframework.test.annotation.SystemProfileValueSource] for class [org.example.project.HelloControllerTest]
10:50:43.379 [Test worker] DEBUG org.springframework.test.context.support.DependencyInjectionTestExecutionListener - Performing dependency injection for test context [[DefaultTestContext@1736042 testClass = HelloControllerTest, testInstance = org.example.project.HelloControllerTest@118d997, testMethod = [null], testException = [null], mergedContextConfiguration = [WebMergedContextConfiguration@110edd6 testClass = HelloControllerTest, locations = '{}', classes = '{class org.example.project.Application}', contextInitializerClasses = '[]', activeProfiles = '{}', propertySourceLocations = '{}', propertySourceProperties = '{org.springframework.boot.test.autoconfigure.web.servlet.WebMvcTestContextBootstrapper=true}', contextCustomizers = set[org.springframework.boot.test.autoconfigure.OverrideAutoConfigurationContextCustomizerFactory$DisableAutoConfigurationContextCustomizer@1ccc85a, org.springframework.boot.test.autoconfigure.filter.TypeExcludeFiltersContextCustomizer@bb3ea63c, org.springframework.boot.test.autoconfigure.properties.PropertyMappingContextCustomizer@f77bbc96, org.springframework.boot.test.autoconfigure.web.servlet.WebDriverContextCustomizerFactory$Customizer@87bce4, [ImportsContextCustomizer@14fa855 key = [org.springframework.boot.autoconfigure.cache.CacheAutoConfiguration, org.springframework.boot.autoconfigure.context.MessageSourceAutoConfiguration, org.springframework.boot.autoconfigure.data.web.SpringDataWebAutoConfiguration, org.springframework.boot.autoconfigure.freemarker.FreeMarkerAutoConfiguration, org.springframework.boot.autoconfigure.groovy.template.GroovyTemplateAutoConfiguration, org.springframework.boot.autoconfigure.gson.GsonAutoConfiguration, org.springframework.boot.autoconfigure.hateoas.HypermediaAutoConfiguration, org.springframework.boot.autoconfigure.http.HttpMessageConvertersAutoConfiguration, org.springframework.boot.autoconfigure.jackson.JacksonAutoConfiguration, org.springframework.boot.autoconfigure.jsonb.JsonbAutoConfiguration, org.springframework.boot.autoconfigure.mustache.MustacheAutoConfiguration, org.springframework.boot.autoconfigure.task.TaskExecutionAutoConfiguration, org.springframework.boot.autoconfigure.thymeleaf.ThymeleafAutoConfiguration, org.springframework.boot.autoconfigure.validation.ValidationAutoConfiguration, org.springframework.boot.autoconfigure.web.servlet.error.ErrorMvcAutoConfiguration, org.springframework.boot.autoconfigure.web.servlet.WebMvcAutoConfiguration, org.springframework.boot.test.autoconfigure.web.servlet.MockMvcAutoConfiguration, org.springframework.boot.test.autoconfigure.web.servlet.MockMvcSecurityAutoConfiguration, org.springframework.boot.test.autoconfigure.web.servlet.MockMvcWebClientAutoConfiguration, org.springframework.boot.test.autoconfigure.web.servlet.MockMvcWebDriverAutoConfiguration]], org.springframework.boot.test.context.filter.ExcludeFilterContextCustomizer@19b25c2, org.springframework.boot.test.json.DuplicateJsonObjectContextCustomizerFactory$DuplicateJsonObjectContextCustomizer@99086d, org.springframework.boot.test.mock.mockito.MockitoContextCustomizer@0], resourceBasePath = 'src/main/webapp', contextLoader = 'org.springframework.boot.test.context.SpringBootContextLoader', parent = [null]], attributes = map[[empty]]]].
10:50:43.520 [Test worker] DEBUG org.springframework.test.context.support.TestPropertySourceUtils - Adding inlined properties to environment: {spring.jmx.enabled=false, org.springframework.boot.test.autoconfigure.web.servlet.WebMvcTestContextBootstrapper=true, server.port=-1}

  .   ____          _            __ _ _
 /\\ / ___'_ __ _ _(_)_ __  __ _ \ \ \ \
( ( )\___ | '_ | '_| | '_ \/ _` | \ \ \ \
 \\/  ___)| |_)| | | | | || (_| |  ) ) ) )
  '  |____| .__|_| |_|_| |_\__, | / / / /
 =========|_|==============|___/=/_/_/_/
 :: Spring Boot ::        (v2.1.7.RELEASE)

2021-08-23 10:50:43.858  INFO 7440 --- [    Test worker] org.example.project.HelloControllerTest  : Starting HelloControllerTest on DESKTOP-N4V012R with PID 7440 (started by commu in C:\Users\commu\IdeaProjects\project)
2021-08-23 10:50:43.860  INFO 7440 --- [    Test worker] org.example.project.HelloControllerTest  : No active profile set, falling back to default profiles: default
2021-08-23 10:50:45.378  INFO 7440 --- [    Test worker] o.s.s.concurrent.ThreadPoolTaskExecutor  : Initializing ExecutorService 'applicationTaskExecutor'
2021-08-23 10:50:45.488  INFO 7440 --- [    Test worker] o.s.b.a.w.s.WelcomePageHandlerMapping    : Adding welcome page template: index
2021-08-23 10:50:45.853  INFO 7440 --- [    Test worker] .s.s.UserDetailsServiceAutoConfiguration : 

Using generated security password: ea78f24d-a34f-4e8c-b0c5-63b7c428b6df

2021-08-23 10:50:46.133  INFO 7440 --- [    Test worker] o.s.s.web.DefaultSecurityFilterChain     : Creating filter chain: any request, [org.springframework.security.web.context.request.async.WebAsyncManagerIntegrationFilter@1ab55e, org.springframework.security.web.context.SecurityContextPersistenceFilter@1b9c5e8, org.springframework.security.web.header.HeaderWriterFilter@125ed02, org.springframework.security.web.csrf.CsrfFilter@1bb9d4a, org.springframework.security.web.authentication.logout.LogoutFilter@1b2e687, org.springframework.security.web.authentication.UsernamePasswordAuthenticationFilter@5f5715, org.springframework.security.web.authentication.ui.DefaultLoginPageGeneratingFilter@32acce, org.springframework.security.web.authentication.ui.DefaultLogoutPageGeneratingFilter@1a37852, org.springframework.security.web.authentication.www.BasicAuthenticationFilter@1828fad, org.springframework.security.web.savedrequest.RequestCacheAwareFilter@14432f6, org.springframework.security.web.servletapi.SecurityContextHolderAwareRequestFilter@cd68e, org.springframework.security.web.authentication.AnonymousAuthenticationFilter@1c6063c, org.springframework.security.web.session.SessionManagementFilter@d5e29b, org.springframework.security.web.access.ExceptionTranslationFilter@1923cb6, org.springframework.security.web.access.intercept.FilterSecurityInterceptor@199597e]
2021-08-23 10:50:46.187  INFO 7440 --- [    Test worker] o.s.b.t.m.w.SpringBootMockServletContext : Initializing Spring TestDispatcherServlet ''
2021-08-23 10:50:46.187  INFO 7440 --- [    Test worker] o.s.t.web.servlet.TestDispatcherServlet  : Initializing Servlet ''
2021-08-23 10:50:46.202  INFO 7440 --- [    Test worker] o.s.t.web.servlet.TestDispatcherServlet  : Completed initialization in 15 ms
2021-08-23 10:50:46.254  INFO 7440 --- [    Test worker] org.example.project.HelloControllerTest  : Started HelloControllerTest in 2.722 seconds (JVM running for 4.178)
]]></system-out>
  <system-err><![CDATA[]]></system-err>
</testsuite>
